#
# There is insufficient memory for the Java Runtime Environment to continue.
# Native memory allocation (malloc) failed to allocate 1048576 bytes. Error detail: AllocateHeap
# Possible reasons:
#   The system is out of physical RAM or swap space
#   This process is running with CompressedOops enabled, and the Java Heap may be blocking the growth of the native heap
# Possible solutions:
#   Reduce memory load on the system
#   Increase physical memory or swap space
#   Check if swap backing store is full
#   Decrease Java heap size (-Xmx/-Xms)
#   Decrease number of Java threads
#   Decrease Java thread stack sizes (-Xss)
#   Set larger code cache with -XX:ReservedCodeCacheSize=
#   JVM is running with Unscaled Compressed Oops mode in which the Java heap is
#     placed in the first 4GB address space. The Java Heap base address is the
#     maximum limit for the native heap growth. Please use -XX:HeapBaseMinAddress
#     to set the Java Heap base and to place the Java Heap above 4GB virtual address.
# This output file may be truncated or incomplete.
#
#  Out of Memory Error (allocation.cpp:44), pid=8736, tid=20652
#
# JRE version: OpenJDK Runtime Environment Temurin-21.0.8+9 (21.0.8+9) (build 21.0.8+9-LTS)
# Java VM: OpenJDK 64-Bit Server VM Temurin-21.0.8+9 (21.0.8+9-LTS, mixed mode, sharing, tiered, compressed oops, compressed class ptrs, parallel gc, windows-amd64)
# No core dump will be written. Minidumps are not enabled by default on client versions of Windows
#

---------------  S U M M A R Y ------------

Command Line: --add-modules=ALL-SYSTEM --add-opens=java.base/java.util=ALL-UNNAMED --add-opens=java.base/java.lang=ALL-UNNAMED --add-opens=java.base/sun.nio.fs=ALL-UNNAMED -Declipse.application=org.eclipse.jdt.ls.core.id1 -Dosgi.bundles.defaultStartLevel=4 -Declipse.product=org.eclipse.jdt.ls.core.product -Djava.import.generatesMetadataFilesAtProjectRoot=false -DDetectVMInstallationsJob.disabled=true -Dfile.encoding=utf8 -XX:+UseParallelGC -XX:GCTimeRatio=4 -XX:AdaptiveSizePolicyWeight=90 -Dsun.zip.disableMemoryMapping=true -Xmx2G -Xms100m -Xlog:disable -javaagent:c:\Users\GIGABYTE\.vscode\extensions\redhat.java-1.44.0-win32-x64\lombok\lombok-1.18.39-4050.jar -XX:+HeapDumpOnOutOfMemoryError -XX:HeapDumpPath=c:\Users\GIGABYTE\AppData\Roaming\Code\User\workspaceStorage\cb24cd7768bee47a3e11ec08cf070465\redhat.java -Daether.dependencyCollector.impl=bf c:\Users\GIGABYTE\.vscode\extensions\redhat.java-1.44.0-win32-x64\server\plugins\org.eclipse.equinox.launcher_1.7.0.v20250519-0528.jar -configuration c:\Users\GIGABYTE\AppData\Roaming\Code\User\globalStorage\redhat.java\1.44.0\config_win -data c:\Users\GIGABYTE\AppData\Roaming\Code\User\workspaceStorage\cb24cd7768bee47a3e11ec08cf070465\redhat.java\jdt_ws --pipe=\\.\pipe\lsp-fbcb3a8cbc63923d9a414566140a6197-sock

Host: Intel(R) Core(TM) i5-10400 CPU @ 2.90GHz, 12 cores, 7G,  Windows 10 , 64 bit Build 19041 (10.0.19041.5915)
Time: Fri Aug  1 01:46:50 2025 Hora est. Pacífico, Sudamérica elapsed time: 4719.118566 seconds (0d 1h 18m 39s)

---------------  T H R E A D  ---------------

Current thread (0x0000011d3f878aa0):  JavaThread "Attach Listener" daemon [_thread_in_vm, id=20652, stack(0x00000005c7f00000,0x00000005c8000000) (1024K)]

Stack: [0x00000005c7f00000,0x00000005c8000000]
Native frames: (J=compiled Java code, j=interpreted, Vv=VM code, C=native code)
V  [jvm.dll+0x6d2449]
V  [jvm.dll+0x8ae341]
V  [jvm.dll+0x8b08be]
V  [jvm.dll+0x8b0fa3]
V  [jvm.dll+0x280c96]
V  [jvm.dll+0xc0347]
V  [jvm.dll+0x6d2cf9]
V  [jvm.dll+0x131116]
V  [jvm.dll+0x3f2d16]
V  [jvm.dll+0x857e6b]
V  [jvm.dll+0x6d0b0d]
C  [ucrtbase.dll+0x21bb2]
C  [KERNEL32.DLL+0x17374]
C  [ntdll.dll+0x4cc91]


---------------  P R O C E S S  ---------------

Threads class SMR info:
_java_thread_list=0x0000011d8c83b270, length=42, elements={
0x0000011d26ad9730, 0x0000011d3f872700, 0x0000011d3f873860, 0x0000011d3f877b90,
0x0000011d3f878aa0, 0x0000011d3f87c770, 0x0000011d3f87dbb0, 0x0000011d82764090,
0x0000011d827659d0, 0x0000011d28e41ea0, 0x0000011d82ab6e40, 0x0000011d8753e100,
0x0000011d87595d00, 0x0000011d876da2e0, 0x0000011d876dbd20, 0x0000011d87bb94c0,
0x0000011d87bbcfd0, 0x0000011d87bb73f0, 0x0000011d87bb6d60, 0x0000011d87bbb590,
0x0000011d87bb7a80, 0x0000011d87bb9b50, 0x0000011d87bbc940, 0x0000011d87bbdcf0,
0x0000011d87bbc2b0, 0x0000011d87bb8110, 0x0000011d89f0c460, 0x0000011d89f12040,
0x0000011d89f0caf0, 0x0000011d89f10600, 0x0000011d89f0d180, 0x0000011d89f126d0,
0x0000011d89f0ebc0, 0x0000011d89f0f250, 0x0000011d89f11320, 0x0000011d89f0f8e0,
0x0000011d8c566df0, 0x0000011d8c56b620, 0x0000011d8c569be0, 0x0000011d8c569550,
0x0000011d8b278bb0, 0x0000011d88e929a0
}

Java Threads: ( => current thread )
  0x0000011d26ad9730 JavaThread "main"                              [_thread_blocked, id=9604, stack(0x00000005c7800000,0x00000005c7900000) (1024K)]
  0x0000011d3f872700 JavaThread "Reference Handler"          daemon [_thread_blocked, id=20784, stack(0x00000005c7c00000,0x00000005c7d00000) (1024K)]
  0x0000011d3f873860 JavaThread "Finalizer"                  daemon [_thread_blocked, id=11436, stack(0x00000005c7d00000,0x00000005c7e00000) (1024K)]
  0x0000011d3f877b90 JavaThread "Signal Dispatcher"          daemon [_thread_blocked, id=20824, stack(0x00000005c7e00000,0x00000005c7f00000) (1024K)]
=>0x0000011d3f878aa0 JavaThread "Attach Listener"            daemon [_thread_in_vm, id=20652, stack(0x00000005c7f00000,0x00000005c8000000) (1024K)]
  0x0000011d3f87c770 JavaThread "Service Thread"             daemon [_thread_blocked, id=11832, stack(0x00000005c8000000,0x00000005c8100000) (1024K)]
  0x0000011d3f87dbb0 JavaThread "Monitor Deflation Thread"   daemon [_thread_blocked, id=19968, stack(0x00000005c8100000,0x00000005c8200000) (1024K)]
  0x0000011d82764090 JavaThread "C2 CompilerThread0"         daemon [_thread_blocked, id=18452, stack(0x00000005c8200000,0x00000005c8300000) (1024K)]
  0x0000011d827659d0 JavaThread "C1 CompilerThread0"         daemon [_thread_blocked, id=15832, stack(0x00000005c8300000,0x00000005c8400000) (1024K)]
  0x0000011d28e41ea0 JavaThread "Common-Cleaner"             daemon [_thread_blocked, id=3928, stack(0x00000005c8400000,0x00000005c8500000) (1024K)]
  0x0000011d82ab6e40 JavaThread "Notification Thread"        daemon [_thread_blocked, id=16884, stack(0x00000005c8500000,0x00000005c8600000) (1024K)]
  0x0000011d8753e100 JavaThread "Active Thread: Equinox Container: 8d706923-9fac-4f09-a7ce-4152688b5d12"        [_thread_blocked, id=13488, stack(0x00000005c9200000,0x00000005c9300000) (1024K)]
  0x0000011d87595d00 JavaThread "Framework Event Dispatcher: Equinox Container: 8d706923-9fac-4f09-a7ce-4152688b5d12" daemon [_thread_blocked, id=7180, stack(0x00000005c9300000,0x00000005c9400000) (1024K)]
  0x0000011d876da2e0 JavaThread "Start Level: Equinox Container: 8d706923-9fac-4f09-a7ce-4152688b5d12" daemon [_thread_blocked, id=3916, stack(0x00000005c9400000,0x00000005c9500000) (1024K)]
  0x0000011d876dbd20 JavaThread "Refresh Thread: Equinox Container: 8d706923-9fac-4f09-a7ce-4152688b5d12" daemon [_thread_blocked, id=17168, stack(0x00000005c9600000,0x00000005c9700000) (1024K)]
  0x0000011d87bb94c0 JavaThread "Bundle File Closer"         daemon [_thread_blocked, id=13760, stack(0x00000005c9f00000,0x00000005ca000000) (1024K)]
  0x0000011d87bbcfd0 JavaThread "SCR Component Actor"        daemon [_thread_blocked, id=14664, stack(0x00000005ca000000,0x00000005ca100000) (1024K)]
  0x0000011d87bb73f0 JavaThread "Worker-JM"                         [_thread_blocked, id=14720, stack(0x00000005ca200000,0x00000005ca300000) (1024K)]
  0x0000011d87bb6d60 JavaThread "Java indexing"              daemon [_thread_blocked, id=4920, stack(0x00000005ca500000,0x00000005ca600000) (1024K)]
  0x0000011d87bbb590 JavaThread "JNA Cleaner"                daemon [_thread_blocked, id=1180, stack(0x00000005ca800000,0x00000005ca900000) (1024K)]
  0x0000011d87bb7a80 JavaThread "Thread-2"                   daemon [_thread_in_native, id=17180, stack(0x00000005cae00000,0x00000005caf00000) (1024K)]
  0x0000011d87bb9b50 JavaThread "Thread-3"                   daemon [_thread_in_native, id=16872, stack(0x00000005caf00000,0x00000005cb000000) (1024K)]
  0x0000011d87bbc940 JavaThread "Thread-4"                   daemon [_thread_in_native, id=14308, stack(0x00000005cb000000,0x00000005cb100000) (1024K)]
  0x0000011d87bbdcf0 JavaThread "Thread-5"                   daemon [_thread_in_native, id=18572, stack(0x00000005cb100000,0x00000005cb200000) (1024K)]
  0x0000011d87bbc2b0 JavaThread "Thread-6"                   daemon [_thread_in_native, id=8880, stack(0x00000005cb200000,0x00000005cb300000) (1024K)]
  0x0000011d87bb8110 JavaThread "Thread-7"                   daemon [_thread_in_native, id=18548, stack(0x00000005cb300000,0x00000005cb400000) (1024K)]
  0x0000011d89f0c460 JavaThread "Thread-8"                   daemon [_thread_in_native, id=18736, stack(0x00000005cb400000,0x00000005cb500000) (1024K)]
  0x0000011d89f12040 JavaThread "Thread-9"                   daemon [_thread_in_native, id=15612, stack(0x00000005cb500000,0x00000005cb600000) (1024K)]
  0x0000011d89f0caf0 JavaThread "Thread-10"                  daemon [_thread_in_native, id=18636, stack(0x00000005cb600000,0x00000005cb700000) (1024K)]
  0x0000011d89f10600 JavaThread "Thread-11"                  daemon [_thread_in_native, id=12752, stack(0x00000005cb700000,0x00000005cb800000) (1024K)]
  0x0000011d89f0d180 JavaThread "Thread-12"                  daemon [_thread_in_native, id=9676, stack(0x00000005cb800000,0x00000005cb900000) (1024K)]
  0x0000011d89f126d0 JavaThread "Thread-13"                  daemon [_thread_in_native, id=17392, stack(0x00000005cb900000,0x00000005cba00000) (1024K)]
  0x0000011d89f0ebc0 JavaThread "Thread-14"                  daemon [_thread_in_native, id=20756, stack(0x00000005cba00000,0x00000005cbb00000) (1024K)]
  0x0000011d89f0f250 JavaThread "pool-2-thread-1"                   [_thread_blocked, id=17516, stack(0x00000005cbb00000,0x00000005cbc00000) (1024K)]
  0x0000011d89f11320 JavaThread "WorkspaceEventsHandler"            [_thread_blocked, id=20936, stack(0x00000005cbc00000,0x00000005cbd00000) (1024K)]
  0x0000011d89f0f8e0 JavaThread "pool-1-thread-1"                   [_thread_blocked, id=12776, stack(0x00000005cbd00000,0x00000005cbe00000) (1024K)]
  0x0000011d8c566df0 JavaThread "Cleaner-0"                  daemon [_thread_blocked, id=13532, stack(0x00000005cdd00000,0x00000005cde00000) (1024K)]
  0x0000011d8c56b620 JavaThread "Java Debug Server"          daemon [_thread_in_native, id=14632, stack(0x00000005c7500000,0x00000005c7600000) (1024K)]
  0x0000011d8c569be0 JavaThread "RxSchedulerPurge-1"         daemon [_thread_blocked, id=9596, stack(0x00000005c7700000,0x00000005c7800000) (1024K)]
  0x0000011d8c569550 JavaThread "RxCachedWorkerPoolEvictor-1" daemon [_thread_blocked, id=11408, stack(0x00000005c8f00000,0x00000005c9000000) (1024K)]
  0x0000011d8b278bb0 JavaThread "Worker-13"                         [_thread_blocked, id=16908, stack(0x00000005c8d00000,0x00000005c8e00000) (1024K)]
  0x0000011d88e929a0 JavaThread "Worker-15"                         [_thread_blocked, id=18616, stack(0x00000005ca700000,0x00000005ca800000) (1024K)]
Total: 42

Other Threads:
  0x0000011d28e948a0 VMThread "VM Thread"                           [id=18952, stack(0x00000005c7b00000,0x00000005c7c00000) (1024K)]
  0x0000011d28e407c0 WatcherThread "VM Periodic Task Thread"        [id=12892, stack(0x00000005c7a00000,0x00000005c7b00000) (1024K)]
  0x0000011d28deef40 WorkerThread "GC Thread#0"                     [id=15748, stack(0x00000005c7900000,0x00000005c7a00000) (1024K)]
  0x0000011d8725c2e0 WorkerThread "GC Thread#1"                     [id=13216, stack(0x00000005c8600000,0x00000005c8700000) (1024K)]
  0x0000011d872bbdb0 WorkerThread "GC Thread#2"                     [id=15812, stack(0x00000005c8700000,0x00000005c8800000) (1024K)]
  0x0000011d872bc150 WorkerThread "GC Thread#3"                     [id=16744, stack(0x00000005c8800000,0x00000005c8900000) (1024K)]
  0x0000011d872bc4f0 WorkerThread "GC Thread#4"                     [id=19736, stack(0x00000005c8900000,0x00000005c8a00000) (1024K)]
  0x0000011d82ae3e20 WorkerThread "GC Thread#5"                     [id=7772, stack(0x00000005c8a00000,0x00000005c8b00000) (1024K)]
  0x0000011d82ae41c0 WorkerThread "GC Thread#6"                     [id=17444, stack(0x00000005c8b00000,0x00000005c8c00000) (1024K)]
  0x0000011d827ba470 WorkerThread "GC Thread#7"                     [id=19272, stack(0x00000005c9500000,0x00000005c9600000) (1024K)]
  0x0000011d8707d6a0 WorkerThread "GC Thread#8"                     [id=19704, stack(0x00000005c9d00000,0x00000005c9e00000) (1024K)]
  0x0000011d8707da40 WorkerThread "GC Thread#9"                     [id=16048, stack(0x00000005c9e00000,0x00000005c9f00000) (1024K)]
Total: 12

Threads with active compile tasks:
Total: 0

VM state: not at safepoint (normal execution)

VM Mutex/Monitor currently owned by a thread: None

Heap address: 0x0000000080000000, size: 2048 MB, Compressed Oops mode: 32-bit

CDS archive(s) mapped at: [0x0000011d40000000-0x0000011d40ba0000-0x0000011d40ba0000), size 12189696, SharedBaseAddress: 0x0000011d40000000, ArchiveRelocationMode: 1.
Compressed class space mapped at: 0x0000011d41000000-0x0000011d81000000, reserved size: 1073741824
Narrow klass base: 0x0000011d40000000, Narrow klass shift: 0, Narrow klass range: 0x100000000

GC Precious Log:
 CardTable entry size: 512
 CPUs: 12 total, 12 available
 Memory: 8053M
 Large Page Support: Disabled
 NUMA Support: Disabled
 Compressed Oops: Enabled (32-bit)
 Alignments: Space 512K, Generation 512K, Heap 2M
 Heap Min Capacity: 100M
 Heap Initial Capacity: 100M
 Heap Max Capacity: 2G
 Pre-touch: Disabled
 Parallel Workers: 10

Heap:
 PSYoungGen      total 21504K, used 17017K [0x00000000d5580000, 0x00000000d6b80000, 0x0000000100000000)
  eden space 19456K, 84% used [0x00000000d5580000,0x00000000d65a23f8,0x00000000d6880000)
  from space 2048K, 24% used [0x00000000d6880000,0x00000000d68fc010,0x00000000d6a80000)
  to   space 1024K, 0% used [0x00000000d6a80000,0x00000000d6a80000,0x00000000d6b80000)
 ParOldGen       total 984064K, used 245468K [0x0000000080000000, 0x00000000bc100000, 0x00000000d5580000)
  object space 984064K, 24% used [0x0000000080000000,0x000000008efb7158,0x00000000bc100000)
 Metaspace       used 91445K, committed 93248K, reserved 1179648K
  class space    used 9262K, committed 10112K, reserved 1048576K

Card table byte_map: [0x0000011d28780000,0x0000011d28b90000] _byte_map_base: 0x0000011d28380000

Marking Bits: (ParMarkBitMap*) 0x00007ffd014ba340
 Begin Bits: [0x0000011d3b280000, 0x0000011d3d280000)
 End Bits:   [0x0000011d3d280000, 0x0000011d3f280000)

Polling page: 0x0000011d26db0000

Metaspace:

Usage:
  Non-class:     80.26 MB used.
      Class:      9.05 MB used.
       Both:     89.30 MB used.

Virtual space:
  Non-class space:      128.00 MB reserved,      81.19 MB ( 63%) committed,  2 nodes.
      Class space:        1.00 GB reserved,       9.88 MB ( <1%) committed,  1 nodes.
             Both:        1.12 GB reserved,      91.06 MB (  8%) committed. 

Chunk freelists:
   Non-Class:  14.81 MB
       Class:  6.33 MB
        Both:  21.14 MB

MaxMetaspaceSize: unlimited
CompressedClassSpaceSize: 1.00 GB
Initial GC threshold: 21.00 MB
Current GC threshold: 150.62 MB
CDS: on
 - commit_granule_bytes: 65536.
 - commit_granule_words: 8192.
 - virtual_space_node_default_size: 8388608.
 - enlarge_chunks_in_place: 1.
 - use_allocation_guard: 0.


Internal statistics:

num_allocs_failed_limit: 13.
num_arena_births: 1750.
num_arena_deaths: 392.
num_vsnodes_births: 3.
num_vsnodes_deaths: 0.
num_space_committed: 1468.
num_space_uncommitted: 8.
num_chunks_returned_to_freelist: 532.
num_chunks_taken_from_freelist: 6285.
num_chunk_merges: 127.
num_chunk_splits: 3710.
num_chunks_enlarged: 2141.
num_inconsistent_stats: 0.

CodeHeap 'non-profiled nmethods': size=120000Kb used=22024Kb max_used=22391Kb free=97975Kb
 bounds [0x0000011d33aa0000, 0x0000011d35080000, 0x0000011d3afd0000]
CodeHeap 'profiled nmethods': size=120000Kb used=44917Kb max_used=51608Kb free=75083Kb
 bounds [0x0000011d2bfd0000, 0x0000011d2f240000, 0x0000011d33500000]
CodeHeap 'non-nmethods': size=5760Kb used=1531Kb max_used=1622Kb free=4228Kb
 bounds [0x0000011d33500000, 0x0000011d33770000, 0x0000011d33aa0000]
CodeCache: size=245760Kb, used=68472Kb, max_used=75621Kb, free=177286Kb
 total_blobs=20098, nmethods=19243, adapters=757, full_count=0
Compilation: enabled, stopped_count=0, restarted_count=0

Compilation events (20 events):
Event: 3892.407 Thread 0x0000011d827659d0 24504   !   3       java.util.logging.LogManager::getUserContext (118 bytes)
Event: 3892.424 Thread 0x0000011d827659d0 nmethod 24504 0x0000011d2da36e90 code [0x0000011d2da37040, 0x0000011d2da372b0]
Event: 3892.424 Thread 0x0000011d827659d0 24505       3       jdk.internal.access.SharedSecrets::getJavaAWTAccess (4 bytes)
Event: 3892.424 Thread 0x0000011d827659d0 nmethod 24505 0x0000011d2c91e890 code [0x0000011d2c91ea20, 0x0000011d2c91eb18]
Event: 3956.948 Thread 0x0000011d82764090 24506   !   4       java.util.concurrent.locks.AbstractQueuedSynchronizer$ConditionObject::newConditionNode (78 bytes)
Event: 3957.012 Thread 0x0000011d82764090 nmethod 24506 0x0000011d3415d890 code [0x0000011d3415da80, 0x0000011d3415de60]
Event: 3957.012 Thread 0x0000011d82764090 24507       4       java.util.concurrent.locks.AbstractQueuedSynchronizer$ConditionObject::enableWait (84 bytes)
Event: 3957.023 Thread 0x0000011d82764090 nmethod 24507 0x0000011d34148410 code [0x0000011d341485e0, 0x0000011d34148908]
Event: 4121.048 Thread 0x0000011d827659d0 24508       3       java.lang.ProcessHandleImpl::get (51 bytes)
Event: 4121.056 Thread 0x0000011d827659d0 nmethod 24508 0x0000011d2da7ef90 code [0x0000011d2da7f1a0, 0x0000011d2da7f7a8]
Event: 4418.950 Thread 0x0000011d82764090 24509       4       java.util.concurrent.locks.AbstractQueuedSynchronizer$ConditionObject::unlinkCancelledWaiters (91 bytes)
Event: 4418.954 Thread 0x0000011d82764090 nmethod 24509 0x0000011d345d1510 code [0x0000011d345d16a0, 0x0000011d345d1808]
Event: 4566.976 Thread 0x0000011d82764090 24510       4       java.util.concurrent.locks.AbstractQueuedSynchronizer$ConditionObject::awaitNanos (207 bytes)
Event: 4567.131 Thread 0x0000011d82764090 nmethod 24510 0x0000011d3443c490 code [0x0000011d3443c740, 0x0000011d3443d440]
Event: 4709.950 Thread 0x0000011d82764090 24511       4       java.util.concurrent.ThreadPoolExecutor::ensurePrestart (41 bytes)
Event: 4709.999 Thread 0x0000011d82764090 nmethod 24511 0x0000011d34148090 code [0x0000011d34148220, 0x0000011d34148330]
Event: 4711.955 Thread 0x0000011d82764090 24512   !   4       java.util.concurrent.ScheduledThreadPoolExecutor$DelayedWorkQueue::offer (123 bytes)
Event: 4712.077 Thread 0x0000011d82764090 nmethod 24512 0x0000011d3443b610 code [0x0000011d3443b840, 0x0000011d3443be60]
Event: 4714.954 Thread 0x0000011d82764090 24513       4       java.util.concurrent.ScheduledThreadPoolExecutor$ScheduledFutureTask::run (57 bytes)
Event: 4715.068 Thread 0x0000011d82764090 nmethod 24513 0x0000011d34511e10 code [0x0000011d34512100, 0x0000011d34512df0]

GC Heap History (20 events):
Event: 2652.106 GC heap before
{Heap before GC invocations=1383 (full 5):
 PSYoungGen      total 24064K, used 24048K [0x00000000d5580000, 0x00000000d7300000, 0x0000000100000000)
  eden space 22016K, 100% used [0x00000000d5580000,0x00000000d6b00000,0x00000000d6b00000)
  from space 2048K, 99% used [0x00000000d6d00000,0x00000000d6efc010,0x00000000d6f00000)
  to   space 4096K, 0% used [0x00000000d6f00000,0x00000000d6f00000,0x00000000d7300000)
 ParOldGen       total 984064K, used 205444K [0x0000000080000000, 0x00000000bc100000, 0x00000000d5580000)
  object space 984064K, 20% used [0x0000000080000000,0x000000008c8a11e0,0x00000000bc100000)
 Metaspace       used 91248K, committed 93120K, reserved 1179648K
  class space    used 9255K, committed 10112K, reserved 1048576K
}
Event: 2652.123 GC heap after
{Heap after GC invocations=1383 (full 5):
 PSYoungGen      total 24576K, used 2516K [0x00000000d5580000, 0x00000000d7180000, 0x0000000100000000)
  eden space 22016K, 0% used [0x00000000d5580000,0x00000000d5580000,0x00000000d6b00000)
  from space 2560K, 98% used [0x00000000d6f00000,0x00000000d7175260,0x00000000d7180000)
  to   space 3072K, 0% used [0x00000000d6b80000,0x00000000d6b80000,0x00000000d6e80000)
 ParOldGen       total 984064K, used 207506K [0x0000000080000000, 0x00000000bc100000, 0x00000000d5580000)
  object space 984064K, 21% used [0x0000000080000000,0x000000008caa49c0,0x00000000bc100000)
 Metaspace       used 91248K, committed 93120K, reserved 1179648K
  class space    used 9255K, committed 10112K, reserved 1048576K
}
Event: 2658.844 GC heap before
{Heap before GC invocations=1384 (full 5):
 PSYoungGen      total 24576K, used 24532K [0x00000000d5580000, 0x00000000d7180000, 0x0000000100000000)
  eden space 22016K, 100% used [0x00000000d5580000,0x00000000d6b00000,0x00000000d6b00000)
  from space 2560K, 98% used [0x00000000d6f00000,0x00000000d7175260,0x00000000d7180000)
  to   space 3072K, 0% used [0x00000000d6b80000,0x00000000d6b80000,0x00000000d6e80000)
 ParOldGen       total 984064K, used 207506K [0x0000000080000000, 0x00000000bc100000, 0x00000000d5580000)
  object space 984064K, 21% used [0x0000000080000000,0x000000008caa49c0,0x00000000bc100000)
 Metaspace       used 91259K, committed 93120K, reserved 1179648K
  class space    used 9255K, committed 10112K, reserved 1048576K
}
Event: 2658.868 GC heap after
{Heap after GC invocations=1384 (full 5):
 PSYoungGen      total 23040K, used 953K [0x00000000d5580000, 0x00000000d6f80000, 0x0000000100000000)
  eden space 22016K, 0% used [0x00000000d5580000,0x00000000d5580000,0x00000000d6b00000)
  from space 1024K, 93% used [0x00000000d6b80000,0x00000000d6c6e410,0x00000000d6c80000)
  to   space 2048K, 0% used [0x00000000d6d80000,0x00000000d6d80000,0x00000000d6f80000)
 ParOldGen       total 984064K, used 209861K [0x0000000080000000, 0x00000000bc100000, 0x00000000d5580000)
  object space 984064K, 21% used [0x0000000080000000,0x000000008ccf16b0,0x00000000bc100000)
 Metaspace       used 91259K, committed 93120K, reserved 1179648K
  class space    used 9255K, committed 10112K, reserved 1048576K
}
Event: 2661.844 GC heap before
{Heap before GC invocations=1385 (full 5):
 PSYoungGen      total 23040K, used 22969K [0x00000000d5580000, 0x00000000d6f80000, 0x0000000100000000)
  eden space 22016K, 100% used [0x00000000d5580000,0x00000000d6b00000,0x00000000d6b00000)
  from space 1024K, 93% used [0x00000000d6b80000,0x00000000d6c6e410,0x00000000d6c80000)
  to   space 2048K, 0% used [0x00000000d6d80000,0x00000000d6d80000,0x00000000d6f80000)
 ParOldGen       total 984064K, used 209861K [0x0000000080000000, 0x00000000bc100000, 0x00000000d5580000)
  object space 984064K, 21% used [0x0000000080000000,0x000000008ccf16b0,0x00000000bc100000)
 Metaspace       used 91261K, committed 93120K, reserved 1179648K
  class space    used 9255K, committed 10112K, reserved 1048576K
}
Event: 2661.850 GC heap after
{Heap after GC invocations=1385 (full 5):
 PSYoungGen      total 22528K, used 320K [0x00000000d5580000, 0x00000000d6e00000, 0x0000000100000000)
  eden space 22016K, 0% used [0x00000000d5580000,0x00000000d5580000,0x00000000d6b00000)
  from space 512K, 62% used [0x00000000d6d80000,0x00000000d6dd0000,0x00000000d6e00000)
  to   space 1024K, 0% used [0x00000000d6c00000,0x00000000d6c00000,0x00000000d6d00000)
 ParOldGen       total 984064K, used 210555K [0x0000000080000000, 0x00000000bc100000, 0x00000000d5580000)
  object space 984064K, 21% used [0x0000000080000000,0x000000008cd9ede8,0x00000000bc100000)
 Metaspace       used 91261K, committed 93120K, reserved 1179648K
  class space    used 9255K, committed 10112K, reserved 1048576K
}
Event: 2671.141 GC heap before
{Heap before GC invocations=1386 (full 5):
 PSYoungGen      total 22528K, used 22336K [0x00000000d5580000, 0x00000000d6e00000, 0x0000000100000000)
  eden space 22016K, 100% used [0x00000000d5580000,0x00000000d6b00000,0x00000000d6b00000)
  from space 512K, 62% used [0x00000000d6d80000,0x00000000d6dd0000,0x00000000d6e00000)
  to   space 1024K, 0% used [0x00000000d6c00000,0x00000000d6c00000,0x00000000d6d00000)
 ParOldGen       total 984064K, used 210555K [0x0000000080000000, 0x00000000bc100000, 0x00000000d5580000)
  object space 984064K, 21% used [0x0000000080000000,0x000000008cd9ede8,0x00000000bc100000)
 Metaspace       used 91270K, committed 93120K, reserved 1179648K
  class space    used 9255K, committed 10112K, reserved 1048576K
}
Event: 2671.147 GC heap after
{Heap after GC invocations=1386 (full 5):
 PSYoungGen      total 23040K, used 1012K [0x00000000d5580000, 0x00000000d6f00000, 0x0000000100000000)
  eden space 22016K, 0% used [0x00000000d5580000,0x00000000d5580000,0x00000000d6b00000)
  from space 1024K, 98% used [0x00000000d6c00000,0x00000000d6cfd220,0x00000000d6d00000)
  to   space 2048K, 0% used [0x00000000d6d00000,0x00000000d6d00000,0x00000000d6f00000)
 ParOldGen       total 984064K, used 211011K [0x0000000080000000, 0x00000000bc100000, 0x00000000d5580000)
  object space 984064K, 21% used [0x0000000080000000,0x000000008ce10e38,0x00000000bc100000)
 Metaspace       used 91270K, committed 93120K, reserved 1179648K
  class space    used 9255K, committed 10112K, reserved 1048576K
}
Event: 2671.217 GC heap before
{Heap before GC invocations=1387 (full 5):
 PSYoungGen      total 23040K, used 23028K [0x00000000d5580000, 0x00000000d6f00000, 0x0000000100000000)
  eden space 22016K, 100% used [0x00000000d5580000,0x00000000d6b00000,0x00000000d6b00000)
  from space 1024K, 98% used [0x00000000d6c00000,0x00000000d6cfd220,0x00000000d6d00000)
  to   space 2048K, 0% used [0x00000000d6d00000,0x00000000d6d00000,0x00000000d6f00000)
 ParOldGen       total 984064K, used 211011K [0x0000000080000000, 0x00000000bc100000, 0x00000000d5580000)
  object space 984064K, 21% used [0x0000000080000000,0x000000008ce10e38,0x00000000bc100000)
 Metaspace       used 91297K, committed 93120K, reserved 1179648K
  class space    used 9255K, committed 10112K, reserved 1048576K
}
Event: 2671.232 GC heap after
{Heap after GC invocations=1387 (full 5):
 PSYoungGen      total 21504K, used 2036K [0x00000000d5580000, 0x00000000d7400000, 0x0000000100000000)
  eden space 19456K, 0% used [0x00000000d5580000,0x00000000d5580000,0x00000000d6880000)
  from space 2048K, 99% used [0x00000000d6d00000,0x00000000d6efd200,0x00000000d6f00000)
  to   space 4608K, 0% used [0x00000000d6880000,0x00000000d6880000,0x00000000d6d00000)
 ParOldGen       total 984064K, used 212921K [0x0000000080000000, 0x00000000bc100000, 0x00000000d5580000)
  object space 984064K, 21% used [0x0000000080000000,0x000000008cfee630,0x00000000bc100000)
 Metaspace       used 91297K, committed 93120K, reserved 1179648K
  class space    used 9255K, committed 10112K, reserved 1048576K
}
Event: 2671.534 GC heap before
{Heap before GC invocations=1388 (full 5):
 PSYoungGen      total 21504K, used 21492K [0x00000000d5580000, 0x00000000d7400000, 0x0000000100000000)
  eden space 19456K, 100% used [0x00000000d5580000,0x00000000d6880000,0x00000000d6880000)
  from space 2048K, 99% used [0x00000000d6d00000,0x00000000d6efd200,0x00000000d6f00000)
  to   space 4608K, 0% used [0x00000000d6880000,0x00000000d6880000,0x00000000d6d00000)
 ParOldGen       total 984064K, used 212921K [0x0000000080000000, 0x00000000bc100000, 0x00000000d5580000)
  object space 984064K, 21% used [0x0000000080000000,0x000000008cfee630,0x00000000bc100000)
 Metaspace       used 91332K, committed 93184K, reserved 1179648K
  class space    used 9260K, committed 10112K, reserved 1048576K
}
Event: 2671.550 GC heap after
{Heap after GC invocations=1388 (full 5):
 PSYoungGen      total 22016K, used 2516K [0x00000000d5580000, 0x00000000d6e80000, 0x0000000100000000)
  eden space 19456K, 0% used [0x00000000d5580000,0x00000000d5580000,0x00000000d6880000)
  from space 2560K, 98% used [0x00000000d6880000,0x00000000d6af5220,0x00000000d6b00000)
  to   space 3072K, 0% used [0x00000000d6b80000,0x00000000d6b80000,0x00000000d6e80000)
 ParOldGen       total 984064K, used 215011K [0x0000000080000000, 0x00000000bc100000, 0x00000000d5580000)
  object space 984064K, 21% used [0x0000000080000000,0x000000008d1f8c98,0x00000000bc100000)
 Metaspace       used 91332K, committed 93184K, reserved 1179648K
  class space    used 9260K, committed 10112K, reserved 1048576K
}
Event: 2671.600 GC heap before
{Heap before GC invocations=1389 (full 5):
 PSYoungGen      total 22016K, used 21972K [0x00000000d5580000, 0x00000000d6e80000, 0x0000000100000000)
  eden space 19456K, 100% used [0x00000000d5580000,0x00000000d6880000,0x00000000d6880000)
  from space 2560K, 98% used [0x00000000d6880000,0x00000000d6af5220,0x00000000d6b00000)
  to   space 3072K, 0% used [0x00000000d6b80000,0x00000000d6b80000,0x00000000d6e80000)
 ParOldGen       total 984064K, used 215011K [0x0000000080000000, 0x00000000bc100000, 0x00000000d5580000)
  object space 984064K, 21% used [0x0000000080000000,0x000000008d1f8c98,0x00000000bc100000)
 Metaspace       used 91337K, committed 93184K, reserved 1179648K
  class space    used 9260K, committed 10112K, reserved 1048576K
}
Event: 2671.620 GC heap after
{Heap after GC invocations=1389 (full 5):
 PSYoungGen      total 22528K, used 2724K [0x00000000d5580000, 0x00000000d6e80000, 0x0000000100000000)
  eden space 19456K, 0% used [0x00000000d5580000,0x00000000d5580000,0x00000000d6880000)
  from space 3072K, 88% used [0x00000000d6b80000,0x00000000d6e29230,0x00000000d6e80000)
  to   space 3072K, 0% used [0x00000000d6880000,0x00000000d6880000,0x00000000d6b80000)
 ParOldGen       total 984064K, used 217248K [0x0000000080000000, 0x00000000bc100000, 0x00000000d5580000)
  object space 984064K, 22% used [0x0000000080000000,0x000000008d4280e8,0x00000000bc100000)
 Metaspace       used 91337K, committed 93184K, reserved 1179648K
  class space    used 9260K, committed 10112K, reserved 1048576K
}
Event: 2707.828 GC heap before
{Heap before GC invocations=1390 (full 5):
 PSYoungGen      total 22528K, used 22180K [0x00000000d5580000, 0x00000000d6e80000, 0x0000000100000000)
  eden space 19456K, 100% used [0x00000000d5580000,0x00000000d6880000,0x00000000d6880000)
  from space 3072K, 88% used [0x00000000d6b80000,0x00000000d6e29230,0x00000000d6e80000)
  to   space 3072K, 0% used [0x00000000d6880000,0x00000000d6880000,0x00000000d6b80000)
 ParOldGen       total 984064K, used 217248K [0x0000000080000000, 0x00000000bc100000, 0x00000000d5580000)
  object space 984064K, 22% used [0x0000000080000000,0x000000008d4280e8,0x00000000bc100000)
 Metaspace       used 91370K, committed 93184K, reserved 1179648K
  class space    used 9260K, committed 10112K, reserved 1048576K
}
Event: 2707.856 GC heap after
{Heap after GC invocations=1390 (full 5):
 PSYoungGen      total 22016K, used 2183K [0x00000000d5580000, 0x00000000d6d80000, 0x0000000100000000)
  eden space 19456K, 0% used [0x00000000d5580000,0x00000000d5580000,0x00000000d6880000)
  from space 2560K, 85% used [0x00000000d6880000,0x00000000d6aa1cd0,0x00000000d6b00000)
  to   space 2560K, 0% used [0x00000000d6b00000,0x00000000d6b00000,0x00000000d6d80000)
 ParOldGen       total 984064K, used 219580K [0x0000000080000000, 0x00000000bc100000, 0x00000000d5580000)
  object space 984064K, 22% used [0x0000000080000000,0x000000008d66f050,0x00000000bc100000)
 Metaspace       used 91370K, committed 93184K, reserved 1179648K
  class space    used 9260K, committed 10112K, reserved 1048576K
}
Event: 2708.750 GC heap before
{Heap before GC invocations=1391 (full 5):
 PSYoungGen      total 22016K, used 21639K [0x00000000d5580000, 0x00000000d6d80000, 0x0000000100000000)
  eden space 19456K, 100% used [0x00000000d5580000,0x00000000d6880000,0x00000000d6880000)
  from space 2560K, 85% used [0x00000000d6880000,0x00000000d6aa1cd0,0x00000000d6b00000)
  to   space 2560K, 0% used [0x00000000d6b00000,0x00000000d6b00000,0x00000000d6d80000)
 ParOldGen       total 984064K, used 219580K [0x0000000080000000, 0x00000000bc100000, 0x00000000d5580000)
  object space 984064K, 22% used [0x0000000080000000,0x000000008d66f050,0x00000000bc100000)
 Metaspace       used 91389K, committed 93248K, reserved 1179648K
  class space    used 9260K, committed 10112K, reserved 1048576K
}
Event: 2708.762 GC heap after
{Heap after GC invocations=1391 (full 5):
 PSYoungGen      total 20992K, used 1492K [0x00000000d5580000, 0x00000000d6c80000, 0x0000000100000000)
  eden space 19456K, 0% used [0x00000000d5580000,0x00000000d5580000,0x00000000d6880000)
  from space 1536K, 97% used [0x00000000d6b00000,0x00000000d6c75220,0x00000000d6c80000)
  to   space 2048K, 0% used [0x00000000d6880000,0x00000000d6880000,0x00000000d6a80000)
 ParOldGen       total 984064K, used 221591K [0x0000000080000000, 0x00000000bc100000, 0x00000000d5580000)
  object space 984064K, 22% used [0x0000000080000000,0x000000008d865e98,0x00000000bc100000)
 Metaspace       used 91389K, committed 93248K, reserved 1179648K
  class space    used 9260K, committed 10112K, reserved 1048576K
}
Event: 3223.372 GC heap before
{Heap before GC invocations=1392 (full 5):
 PSYoungGen      total 20992K, used 20948K [0x00000000d5580000, 0x00000000d6c80000, 0x0000000100000000)
  eden space 19456K, 100% used [0x00000000d5580000,0x00000000d6880000,0x00000000d6880000)
  from space 1536K, 97% used [0x00000000d6b00000,0x00000000d6c75220,0x00000000d6c80000)
  to   space 2048K, 0% used [0x00000000d6880000,0x00000000d6880000,0x00000000d6a80000)
 ParOldGen       total 984064K, used 221591K [0x0000000080000000, 0x00000000bc100000, 0x00000000d5580000)
  object space 984064K, 22% used [0x0000000080000000,0x000000008d865e98,0x00000000bc100000)
 Metaspace       used 91422K, committed 93248K, reserved 1179648K
  class space    used 9262K, committed 10112K, reserved 1048576K
}
Event: 3223.525 GC heap after
{Heap after GC invocations=1392 (full 5):
 PSYoungGen      total 21504K, used 496K [0x00000000d5580000, 0x00000000d6b80000, 0x0000000100000000)
  eden space 19456K, 0% used [0x00000000d5580000,0x00000000d5580000,0x00000000d6880000)
  from space 2048K, 24% used [0x00000000d6880000,0x00000000d68fc010,0x00000000d6a80000)
  to   space 1024K, 0% used [0x00000000d6a80000,0x00000000d6a80000,0x00000000d6b80000)
 ParOldGen       total 984064K, used 222428K [0x0000000080000000, 0x00000000bc100000, 0x00000000d5580000)
  object space 984064K, 22% used [0x0000000080000000,0x000000008d937138,0x00000000bc100000)
 Metaspace       used 91422K, committed 93248K, reserved 1179648K
  class space    used 9262K, committed 10112K, reserved 1048576K
}

Dll operation events (14 events):
Event: 0.109 Loaded shared library c:\Users\GIGABYTE\.vscode\extensions\redhat.java-1.44.0-win32-x64\jre\21.0.8-win32-x86_64\bin\java.dll
Event: 0.317 Loaded shared library c:\Users\GIGABYTE\.vscode\extensions\redhat.java-1.44.0-win32-x64\jre\21.0.8-win32-x86_64\bin\zip.dll
Event: 0.344 Loaded shared library C:\Users\GIGABYTE\.vscode\extensions\redhat.java-1.44.0-win32-x64\jre\21.0.8-win32-x86_64\bin\instrument.dll
Event: 0.360 Loaded shared library C:\Users\GIGABYTE\.vscode\extensions\redhat.java-1.44.0-win32-x64\jre\21.0.8-win32-x86_64\bin\net.dll
Event: 0.370 Loaded shared library C:\Users\GIGABYTE\.vscode\extensions\redhat.java-1.44.0-win32-x64\jre\21.0.8-win32-x86_64\bin\nio.dll
Event: 0.374 Loaded shared library C:\Users\GIGABYTE\.vscode\extensions\redhat.java-1.44.0-win32-x64\jre\21.0.8-win32-x86_64\bin\zip.dll
Event: 0.398 Loaded shared library C:\Users\GIGABYTE\.vscode\extensions\redhat.java-1.44.0-win32-x64\jre\21.0.8-win32-x86_64\bin\jimage.dll
Event: 0.503 Loaded shared library c:\Users\GIGABYTE\.vscode\extensions\redhat.java-1.44.0-win32-x64\jre\21.0.8-win32-x86_64\bin\verify.dll
Event: 7.220 Loaded shared library C:\Users\GIGABYTE\AppData\Roaming\Code\User\globalStorage\redhat.java\1.44.0\config_win\org.eclipse.equinox.launcher\org.eclipse.equinox.launcher.win32.win32.x86_64_1.2.1400.v20250730-1736\eclipse_11913.dll
Event: 14.074 Loaded shared library C:\Users\GIGABYTE\.vscode\extensions\redhat.java-1.44.0-win32-x64\jre\21.0.8-win32-x86_64\bin\management.dll
Event: 14.078 Loaded shared library C:\Users\GIGABYTE\.vscode\extensions\redhat.java-1.44.0-win32-x64\jre\21.0.8-win32-x86_64\bin\management_ext.dll
Event: 15.853 Loaded shared library C:\Users\GIGABYTE\AppData\Local\Temp\jna-1643494468\jna17745631689333396046.dll
Event: 15.961 Loaded shared library C:\Users\GIGABYTE\.vscode\extensions\redhat.java-1.44.0-win32-x64\jre\21.0.8-win32-x86_64\bin\sunmscapi.dll
Event: 16.538 Loaded shared library C:\Users\GIGABYTE\.vscode\extensions\redhat.java-1.44.0-win32-x64\jre\21.0.8-win32-x86_64\bin\extnet.dll

Deoptimization events (20 events):
Event: 2705.273 Thread 0x0000011d8c56af90 DEOPT PACKING pc=0x0000011d34281bf0 sp=0x00000005c76fe220
Event: 2705.273 Thread 0x0000011d8c56af90 DEOPT UNPACKING pc=0x0000011d33553aa2 sp=0x00000005c76fe1f0 mode 2
Event: 2705.323 Thread 0x0000011d8c56af90 DEOPT PACKING pc=0x0000011d2eca12b0 sp=0x00000005c76fdd80
Event: 2705.323 Thread 0x0000011d8c56af90 DEOPT UNPACKING pc=0x0000011d33554242 sp=0x00000005c76fd270 mode 0
Event: 3223.259 Thread 0x0000011d88e929a0 Uncommon trap: trap_request=0xffffff45 fr.pc=0x0000011d34286b54 relative=0x0000000000000bd4
Event: 3223.260 Thread 0x0000011d88e929a0 Uncommon trap: reason=unstable_if action=reinterpret pc=0x0000011d34286b54 method=org.eclipse.core.internal.localstore.UnifiedTreeNode.existsInFileSystem()Z @ 16 c2
Event: 3223.260 Thread 0x0000011d88e929a0 DEOPT PACKING pc=0x0000011d34286b54 sp=0x00000005ca7fe940
Event: 3223.262 Thread 0x0000011d88e929a0 DEOPT UNPACKING pc=0x0000011d33553aa2 sp=0x00000005ca7fe858 mode 2
Event: 4712.947 Thread 0x0000011d8c569be0 Uncommon trap: trap_request=0xffffffd6 fr.pc=0x0000011d3443bbf4 relative=0x00000000000003b4
Event: 4712.947 Thread 0x0000011d8c569be0 Uncommon trap: reason=array_check action=maybe_recompile pc=0x0000011d3443bbf4 method=java.util.concurrent.ScheduledThreadPoolExecutor$DelayedWorkQueue.offer(Ljava/lang/Runnable;)Z @ 65 c2
Event: 4712.947 Thread 0x0000011d8c569be0 DEOPT PACKING pc=0x0000011d3443bbf4 sp=0x00000005c77feef0
Event: 4712.950 Thread 0x0000011d8c569be0 DEOPT UNPACKING pc=0x0000011d33553aa2 sp=0x00000005c77fee70 mode 2
Event: 4713.950 Thread 0x0000011d8c569be0 Uncommon trap: trap_request=0xffffffd6 fr.pc=0x0000011d3443bbf4 relative=0x00000000000003b4
Event: 4713.950 Thread 0x0000011d8c569be0 Uncommon trap: reason=array_check action=maybe_recompile pc=0x0000011d3443bbf4 method=java.util.concurrent.ScheduledThreadPoolExecutor$DelayedWorkQueue.offer(Ljava/lang/Runnable;)Z @ 65 c2
Event: 4713.950 Thread 0x0000011d8c569be0 DEOPT PACKING pc=0x0000011d3443bbf4 sp=0x00000005c77feef0
Event: 4713.952 Thread 0x0000011d8c569be0 DEOPT UNPACKING pc=0x0000011d33553aa2 sp=0x00000005c77fee70 mode 2
Event: 4714.954 Thread 0x0000011d8c569be0 Uncommon trap: trap_request=0xffffffd6 fr.pc=0x0000011d3443bbf4 relative=0x00000000000003b4
Event: 4714.954 Thread 0x0000011d8c569be0 Uncommon trap: reason=array_check action=maybe_recompile pc=0x0000011d3443bbf4 method=java.util.concurrent.ScheduledThreadPoolExecutor$DelayedWorkQueue.offer(Ljava/lang/Runnable;)Z @ 65 c2
Event: 4714.954 Thread 0x0000011d8c569be0 DEOPT PACKING pc=0x0000011d3443bbf4 sp=0x00000005c77feef0
Event: 4714.954 Thread 0x0000011d8c569be0 DEOPT UNPACKING pc=0x0000011d33553aa2 sp=0x00000005c77fee70 mode 2

Classes loaded (20 events):
Event: 1382.865 Loading class jdk/internal/module/IllegalAccessLogger
Event: 1382.865 Loading class jdk/internal/module/IllegalAccessLogger done
Event: 1384.790 Loading class jdk/internal/module/IllegalAccessLogger
Event: 1384.790 Loading class jdk/internal/module/IllegalAccessLogger done
Event: 1409.373 Loading class jdk/internal/module/IllegalAccessLogger
Event: 1409.373 Loading class jdk/internal/module/IllegalAccessLogger done
Event: 1413.816 Loading class jdk/internal/module/IllegalAccessLogger
Event: 1413.816 Loading class jdk/internal/module/IllegalAccessLogger done
Event: 2125.290 Loading class java/util/concurrent/ConcurrentHashMap$TreeNode
Event: 2125.292 Loading class java/util/concurrent/ConcurrentHashMap$TreeNode done
Event: 2125.292 Loading class java/util/concurrent/ConcurrentHashMap$TreeBin
Event: 2125.292 Loading class java/util/concurrent/ConcurrentHashMap$TreeBin done
Event: 2144.831 Loading class java/io/CharArrayReader
Event: 2144.832 Loading class java/io/CharArrayReader done
Event: 2144.833 Loading class java/util/regex/Pattern$Bound
Event: 2144.833 Loading class java/util/regex/Pattern$Bound done
Event: 2486.137 Loading class jdk/internal/module/IllegalAccessLogger
Event: 2486.138 Loading class jdk/internal/module/IllegalAccessLogger done
Event: 2529.639 Loading class jdk/internal/module/IllegalAccessLogger
Event: 2529.639 Loading class jdk/internal/module/IllegalAccessLogger done

Classes unloaded (20 events):
Event: 2523.682 Thread 0x0000011d28e948a0 Unloading class 0x0000011d41017400 'java/lang/invoke/LambdaForm$MH+0x0000011d41017400'
Event: 2523.682 Thread 0x0000011d28e948a0 Unloading class 0x0000011d41016400 'java/lang/invoke/LambdaForm$MH+0x0000011d41016400'
Event: 2523.683 Thread 0x0000011d28e948a0 Unloading class 0x0000011d4100d800 'java/lang/invoke/LambdaForm$MH+0x0000011d4100d800'
Event: 2523.683 Thread 0x0000011d28e948a0 Unloading class 0x0000011d4100d400 'java/lang/invoke/LambdaForm$MH+0x0000011d4100d400'
Event: 2523.683 Thread 0x0000011d28e948a0 Unloading class 0x0000011d4100d000 'java/lang/invoke/LambdaForm$MH+0x0000011d4100d000'
Event: 2523.683 Thread 0x0000011d28e948a0 Unloading class 0x0000011d4100cc00 'java/lang/invoke/LambdaForm$MH+0x0000011d4100cc00'
Event: 2523.683 Thread 0x0000011d28e948a0 Unloading class 0x0000011d4100c800 'java/lang/invoke/LambdaForm$BMH+0x0000011d4100c800'
Event: 2523.683 Thread 0x0000011d28e948a0 Unloading class 0x0000011d4100c000 'java/lang/invoke/LambdaForm$DMH+0x0000011d4100c000'
Event: 2523.683 Thread 0x0000011d28e948a0 Unloading class 0x0000011d41008c00 'java/lang/invoke/LambdaForm$MH+0x0000011d41008c00'
Event: 2523.683 Thread 0x0000011d28e948a0 Unloading class 0x0000011d41008800 'java/lang/invoke/LambdaForm$MH+0x0000011d41008800'
Event: 2523.683 Thread 0x0000011d28e948a0 Unloading class 0x0000011d41008400 'java/lang/invoke/LambdaForm$MH+0x0000011d41008400'
Event: 2523.683 Thread 0x0000011d28e948a0 Unloading class 0x0000011d41007000 'java/lang/invoke/LambdaForm$MH+0x0000011d41007000'
Event: 2523.683 Thread 0x0000011d28e948a0 Unloading class 0x0000011d41006800 'java/lang/invoke/LambdaForm$MH+0x0000011d41006800'
Event: 2523.683 Thread 0x0000011d28e948a0 Unloading class 0x0000011d41006400 'java/lang/invoke/LambdaForm$MH+0x0000011d41006400'
Event: 2523.683 Thread 0x0000011d28e948a0 Unloading class 0x0000011d41006000 'java/lang/invoke/LambdaForm$MH+0x0000011d41006000'
Event: 2523.683 Thread 0x0000011d28e948a0 Unloading class 0x0000011d41005c00 'java/lang/invoke/LambdaForm$BMH+0x0000011d41005c00'
Event: 2523.683 Thread 0x0000011d28e948a0 Unloading class 0x0000011d41004800 'java/lang/invoke/LambdaForm$DMH+0x0000011d41004800'
Event: 2523.683 Thread 0x0000011d28e948a0 Unloading class 0x0000011d41002400 'java/lang/invoke/LambdaForm$MH+0x0000011d41002400'
Event: 2523.683 Thread 0x0000011d28e948a0 Unloading class 0x0000011d41002000 'java/lang/invoke/LambdaForm$MH+0x0000011d41002000'
Event: 2523.683 Thread 0x0000011d28e948a0 Unloading class 0x0000011d41001800 'java/lang/invoke/LambdaForm$MH+0x0000011d41001800'

Classes redefined (0 events):
No events

Internal exceptions (20 events):
Event: 2529.768 Thread 0x0000011d88e915f0 Implicit null exception at 0x0000011d2ec63149 to 0x0000011d2ec64391
Event: 2529.768 Thread 0x0000011d88e915f0 Exception <a 'java/lang/NullPointerException'{0x00000000d5a15df0}> (0x00000000d5a15df0) 
thrown [s\src\hotspot\share\runtime\sharedRuntime.cpp, line 625]
Event: 2529.963 Thread 0x0000011d88e93d50 Exception <a 'sun/nio/fs/WindowsException'{0x00000000d61cdf08}> (0x00000000d61cdf08) 
thrown [s\src\hotspot\share\prims\jni.cpp, line 520]
Event: 2529.963 Thread 0x0000011d88e93d50 Exception <a 'sun/nio/fs/WindowsException'{0x00000000d61ce520}> (0x00000000d61ce520) 
thrown [s\src\hotspot\share\prims\jni.cpp, line 520]
Event: 2534.631 Thread 0x0000011d8c67b130 Exception <a 'sun/nio/fs/WindowsException'{0x00000000d6a36c00}> (0x00000000d6a36c00) 
thrown [s\src\hotspot\share\prims\jni.cpp, line 520]
Event: 2534.631 Thread 0x0000011d8c67b130 Exception <a 'sun/nio/fs/WindowsException'{0x00000000d6a37288}> (0x00000000d6a37288) 
thrown [s\src\hotspot\share\prims\jni.cpp, line 520]
Event: 2713.983 Thread 0x0000011d8c56af90 Exception <a 'sun/nio/fs/WindowsException'{0x00000000d5c5ba50}> (0x00000000d5c5ba50) 
thrown [s\src\hotspot\share\prims\jni.cpp, line 520]
Event: 2713.983 Thread 0x0000011d8c56af90 Exception <a 'sun/nio/fs/WindowsException'{0x00000000d5c5c318}> (0x00000000d5c5c318) 
thrown [s\src\hotspot\share\prims\jni.cpp, line 520]
Event: 2713.986 Thread 0x0000011d8c56af90 Exception <a 'sun/nio/fs/WindowsException'{0x00000000d5c5d030}> (0x00000000d5c5d030) 
thrown [s\src\hotspot\share\prims\jni.cpp, line 520]
Event: 2713.986 Thread 0x0000011d8c56af90 Exception <a 'sun/nio/fs/WindowsException'{0x00000000d5c5d8f8}> (0x00000000d5c5d8f8) 
thrown [s\src\hotspot\share\prims\jni.cpp, line 520]
Event: 2713.988 Thread 0x0000011d8c56af90 Exception <a 'sun/nio/fs/WindowsException'{0x00000000d5c5eff0}> (0x00000000d5c5eff0) 
thrown [s\src\hotspot\share\prims\jni.cpp, line 520]
Event: 2713.988 Thread 0x0000011d8c56af90 Exception <a 'sun/nio/fs/WindowsException'{0x00000000d5c5f608}> (0x00000000d5c5f608) 
thrown [s\src\hotspot\share\prims\jni.cpp, line 520]
Event: 2714.102 Thread 0x0000011d8c56af90 Exception <a 'sun/nio/fs/WindowsException'{0x00000000d5c7c590}> (0x00000000d5c7c590) 
thrown [s\src\hotspot\share\prims\jni.cpp, line 520]
Event: 2714.102 Thread 0x0000011d8c56af90 Exception <a 'sun/nio/fs/WindowsException'{0x00000000d5c7ce58}> (0x00000000d5c7ce58) 
thrown [s\src\hotspot\share\prims\jni.cpp, line 520]
Event: 2714.325 Thread 0x0000011d8c67be50 Exception <a 'sun/nio/fs/WindowsException'{0x00000000d6624548}> (0x00000000d6624548) 
thrown [s\src\hotspot\share\prims\jni.cpp, line 520]
Event: 2714.325 Thread 0x0000011d8c67be50 Exception <a 'sun/nio/fs/WindowsException'{0x00000000d6624bd0}> (0x00000000d6624bd0) 
thrown [s\src\hotspot\share\prims\jni.cpp, line 520]
Event: 3223.297 Thread 0x0000011d88e929a0 Exception <a 'sun/nio/fs/WindowsException'{0x00000000d5c3d198}> (0x00000000d5c3d198) 
thrown [s\src\hotspot\share\prims\jni.cpp, line 520]
Event: 3223.305 Thread 0x0000011d88e929a0 Exception <a 'sun/nio/fs/WindowsException'{0x00000000d5c3d5b8}> (0x00000000d5c3d5b8) 
thrown [s\src\hotspot\share\prims\jni.cpp, line 520]
Event: 3525.894 Thread 0x0000011d88e929a0 Exception <a 'sun/nio/fs/WindowsException'{0x00000000d628f5d8}> (0x00000000d628f5d8) 
thrown [s\src\hotspot\share\prims\jni.cpp, line 520]
Event: 3525.902 Thread 0x0000011d88e929a0 Exception <a 'sun/nio/fs/WindowsException'{0x00000000d628fca8}> (0x00000000d628fca8) 
thrown [s\src\hotspot\share\prims\jni.cpp, line 520]

ZGC Phase Switch (0 events):
No events

VM Operations (20 events):
Event: 4330.368 Executing VM operation: RendezvousGCThreads
Event: 4330.368 Executing VM operation: RendezvousGCThreads done
Event: 4390.372 Executing VM operation: HandshakeAllThreads (HandshakeForDeflation)
Event: 4390.372 Executing VM operation: HandshakeAllThreads (HandshakeForDeflation) done
Event: 4390.372 Executing VM operation: RendezvousGCThreads
Event: 4390.372 Executing VM operation: RendezvousGCThreads done
Event: 4450.562 Executing VM operation: HandshakeAllThreads (HandshakeForDeflation)
Event: 4450.563 Executing VM operation: HandshakeAllThreads (HandshakeForDeflation) done
Event: 4450.564 Executing VM operation: RendezvousGCThreads
Event: 4450.564 Executing VM operation: RendezvousGCThreads done
Event: 4510.800 Executing VM operation: HandshakeAllThreads (HandshakeForDeflation)
Event: 4510.800 Executing VM operation: HandshakeAllThreads (HandshakeForDeflation) done
Event: 4510.800 Executing VM operation: RendezvousGCThreads
Event: 4510.800 Executing VM operation: RendezvousGCThreads done
Event: 4571.003 Executing VM operation: HandshakeAllThreads (HandshakeForDeflation)
Event: 4571.003 Executing VM operation: HandshakeAllThreads (HandshakeForDeflation) done
Event: 4571.003 Executing VM operation: RendezvousGCThreads
Event: 4571.003 Executing VM operation: RendezvousGCThreads done
Event: 4717.064 Executing VM operation: Cleanup
Event: 4717.065 Executing VM operation: Cleanup done

Memory protections (0 events):
No events

Nmethod flushes (20 events):
Event: 2525.566 Thread 0x0000011d28e948a0 flushing  nmethod 0x0000011d2e4a6a90
Event: 2525.566 Thread 0x0000011d28e948a0 flushing  nmethod 0x0000011d2e4a6e10
Event: 2525.566 Thread 0x0000011d28e948a0 flushing osr nmethod 0x0000011d2e4ab110
Event: 2525.566 Thread 0x0000011d28e948a0 flushing  nmethod 0x0000011d2e4ad410
Event: 2525.566 Thread 0x0000011d28e948a0 flushing  nmethod 0x0000011d2e4b4d10
Event: 2525.566 Thread 0x0000011d28e948a0 flushing  nmethod 0x0000011d2e4b5310
Event: 2525.567 Thread 0x0000011d28e948a0 flushing  nmethod 0x0000011d2e4b6590
Event: 2525.567 Thread 0x0000011d28e948a0 flushing  nmethod 0x0000011d2e4b8410
Event: 2525.567 Thread 0x0000011d28e948a0 flushing  nmethod 0x0000011d2e4b9090
Event: 2525.567 Thread 0x0000011d28e948a0 flushing  nmethod 0x0000011d2e4c5310
Event: 2525.567 Thread 0x0000011d28e948a0 flushing  nmethod 0x0000011d2e4c8890
Event: 2525.568 Thread 0x0000011d28e948a0 flushing  nmethod 0x0000011d2e4dce90
Event: 2525.568 Thread 0x0000011d28e948a0 flushing  nmethod 0x0000011d2e4ec610
Event: 2525.569 Thread 0x0000011d28e948a0 flushing  nmethod 0x0000011d2e526210
Event: 2525.569 Thread 0x0000011d28e948a0 flushing  nmethod 0x0000011d2e538f90
Event: 2525.569 Thread 0x0000011d28e948a0 flushing  nmethod 0x0000011d2e539590
Event: 2525.569 Thread 0x0000011d28e948a0 flushing  nmethod 0x0000011d2e553890
Event: 2525.569 Thread 0x0000011d28e948a0 flushing  nmethod 0x0000011d2e55aa90
Event: 2525.569 Thread 0x0000011d28e948a0 flushing osr nmethod 0x0000011d2e581890
Event: 2525.569 Thread 0x0000011d28e948a0 flushing  nmethod 0x0000011d2e583590

Events (20 events):
Event: 2975.485 Thread 0x0000011d8c675be0 Thread exited: 0x0000011d8c675be0
Event: 3009.022 Thread 0x0000011d87bba1e0 Thread exited: 0x0000011d87bba1e0
Event: 3035.492 Thread 0x0000011d876dca40 Thread exited: 0x0000011d876dca40
Event: 3069.021 Thread 0x0000011d87bb87a0 Thread exited: 0x0000011d87bb87a0
Event: 3095.495 Thread 0x0000011d8c67aaa0 Thread exited: 0x0000011d8c67aaa0
Event: 3129.027 Thread 0x0000011d87bbaf00 Thread exited: 0x0000011d87bbaf00
Event: 3131.637 Thread 0x0000011d8c67be50 Thread exited: 0x0000011d8c67be50
Event: 3161.685 Thread 0x0000011d8c67b130 Thread exited: 0x0000011d8c67b130
Event: 3189.033 Thread 0x0000011d89f0dea0 Thread exited: 0x0000011d89f0dea0
Event: 3191.530 Thread 0x0000011d8b27d3e0 Thread exited: 0x0000011d8b27d3e0
Event: 3191.672 Thread 0x0000011d8b27c030 Thread exited: 0x0000011d8b27c030
Event: 3249.045 Thread 0x0000011d89f0e530 Thread exited: 0x0000011d89f0e530
Event: 3251.686 Thread 0x0000011d8c676f90 Thread exited: 0x0000011d8c676f90
Event: 3311.695 Thread 0x0000011d8c67b7c0 Thread exited: 0x0000011d8c67b7c0
Event: 3371.705 Thread 0x0000011d8b2798d0 Thread exited: 0x0000011d8b2798d0
Event: 3431.713 Thread 0x0000011d8c56a270 Thread exited: 0x0000011d8c56a270
Event: 3525.007 Thread 0x0000011d8b278bb0 Thread added: 0x0000011d8c676f90
Event: 3525.065 Thread 0x0000011d8c676f90 Thread exited: 0x0000011d8c676f90
Event: 3826.801 Thread 0x0000011d88e929a0 Thread added: 0x0000011d8c676f90
Event: 3826.810 Thread 0x0000011d8c676f90 Thread exited: 0x0000011d8c676f90


Dynamic libraries:
0x00007ff627460000 - 0x00007ff62746e000 	c:\Users\GIGABYTE\.vscode\extensions\redhat.java-1.44.0-win32-x64\jre\21.0.8-win32-x86_64\bin\java.exe
0x00007ffd8aed0000 - 0x00007ffd8b0c8000 	C:\Windows\SYSTEM32\ntdll.dll
0x00007ffd88ef0000 - 0x00007ffd88fb2000 	C:\Windows\System32\KERNEL32.DLL
0x00007ffd88b10000 - 0x00007ffd88e07000 	C:\Windows\System32\KERNELBASE.dll
0x00007ffd88710000 - 0x00007ffd88810000 	C:\Windows\System32\ucrtbase.dll
0x00007ffd4ed90000 - 0x00007ffd4eda8000 	c:\Users\GIGABYTE\.vscode\extensions\redhat.java-1.44.0-win32-x64\jre\21.0.8-win32-x86_64\bin\jli.dll
0x00007ffd52980000 - 0x00007ffd5299e000 	c:\Users\GIGABYTE\.vscode\extensions\redhat.java-1.44.0-win32-x64\jre\21.0.8-win32-x86_64\bin\VCRUNTIME140.dll
0x00007ffd89450000 - 0x00007ffd895ed000 	C:\Windows\System32\USER32.dll
0x00007ffd88810000 - 0x00007ffd88832000 	C:\Windows\System32\win32u.dll
0x00007ffd6e9e0000 - 0x00007ffd6ec7a000 	C:\Windows\WinSxS\amd64_microsoft.windows.common-controls_6595b64144ccf1df_6.0.19041.5915_none_60b4b9d171f9c7c7\COMCTL32.dll
0x00007ffd89b80000 - 0x00007ffd89bab000 	C:\Windows\System32\GDI32.dll
0x00007ffd8aa90000 - 0x00007ffd8ab2e000 	C:\Windows\System32\msvcrt.dll
0x00007ffd88560000 - 0x00007ffd88679000 	C:\Windows\System32\gdi32full.dll
0x00007ffd88890000 - 0x00007ffd8892d000 	C:\Windows\System32\msvcp_win.dll
0x00007ffd891b0000 - 0x00007ffd891df000 	C:\Windows\System32\IMM32.DLL
0x00007ffd82cd0000 - 0x00007ffd82cdc000 	c:\Users\GIGABYTE\.vscode\extensions\redhat.java-1.44.0-win32-x64\jre\21.0.8-win32-x86_64\bin\vcruntime140_1.dll
0x00007ffd3a6f0000 - 0x00007ffd3a77d000 	c:\Users\GIGABYTE\.vscode\extensions\redhat.java-1.44.0-win32-x64\jre\21.0.8-win32-x86_64\bin\msvcp140.dll
0x00007ffd00800000 - 0x00007ffd01597000 	c:\Users\GIGABYTE\.vscode\extensions\redhat.java-1.44.0-win32-x64\jre\21.0.8-win32-x86_64\bin\server\jvm.dll
0x00007ffd89bb0000 - 0x00007ffd89c61000 	C:\Windows\System32\ADVAPI32.dll
0x00007ffd89ac0000 - 0x00007ffd89b5f000 	C:\Windows\System32\sechost.dll
0x00007ffd89ea0000 - 0x00007ffd89fc6000 	C:\Windows\System32\RPCRT4.dll
0x00007ffd88e10000 - 0x00007ffd88e37000 	C:\Windows\System32\bcrypt.dll
0x00007ffd8a100000 - 0x00007ffd8a16b000 	C:\Windows\System32\WS2_32.dll
0x00007ffd883c0000 - 0x00007ffd8840b000 	C:\Windows\SYSTEM32\POWRPROF.dll
0x00007ffd6f660000 - 0x00007ffd6f687000 	C:\Windows\SYSTEM32\WINMM.dll
0x00007ffd830d0000 - 0x00007ffd830da000 	C:\Windows\SYSTEM32\VERSION.dll
0x00007ffd883a0000 - 0x00007ffd883b2000 	C:\Windows\SYSTEM32\UMPDC.dll
0x00007ffd863c0000 - 0x00007ffd863d2000 	C:\Windows\SYSTEM32\kernel.appcore.dll
0x00007ffd80d70000 - 0x00007ffd80d7a000 	c:\Users\GIGABYTE\.vscode\extensions\redhat.java-1.44.0-win32-x64\jre\21.0.8-win32-x86_64\bin\jimage.dll
0x00007ffd779c0000 - 0x00007ffd77bc1000 	C:\Windows\SYSTEM32\DBGHELP.DLL
0x00007ffd74360000 - 0x00007ffd74394000 	C:\Windows\SYSTEM32\dbgcore.DLL
0x00007ffd88680000 - 0x00007ffd88702000 	C:\Windows\System32\bcryptPrimitives.dll
0x00007ffd7ff00000 - 0x00007ffd7ff0f000 	c:\Users\GIGABYTE\.vscode\extensions\redhat.java-1.44.0-win32-x64\jre\21.0.8-win32-x86_64\bin\instrument.dll
0x00007ffd49b90000 - 0x00007ffd49baf000 	c:\Users\GIGABYTE\.vscode\extensions\redhat.java-1.44.0-win32-x64\jre\21.0.8-win32-x86_64\bin\java.dll
0x00007ffd8a170000 - 0x00007ffd8a8de000 	C:\Windows\System32\SHELL32.dll
0x00007ffd865c0000 - 0x00007ffd86d64000 	C:\Windows\SYSTEM32\windows.storage.dll
0x00007ffd8ab30000 - 0x00007ffd8ae83000 	C:\Windows\System32\combase.dll
0x00007ffd87de0000 - 0x00007ffd87e0b000 	C:\Windows\SYSTEM32\Wldp.dll
0x00007ffd8a8e0000 - 0x00007ffd8a9ad000 	C:\Windows\System32\OLEAUT32.dll
0x00007ffd89fd0000 - 0x00007ffd8a07d000 	C:\Windows\System32\SHCORE.dll
0x00007ffd89a60000 - 0x00007ffd89abb000 	C:\Windows\System32\shlwapi.dll
0x00007ffd88490000 - 0x00007ffd884b4000 	C:\Windows\SYSTEM32\profapi.dll
0x00007ffd49a90000 - 0x00007ffd49aa8000 	c:\Users\GIGABYTE\.vscode\extensions\redhat.java-1.44.0-win32-x64\jre\21.0.8-win32-x86_64\bin\zip.dll
0x00007ffd59ff0000 - 0x00007ffd5a000000 	C:\Users\GIGABYTE\.vscode\extensions\redhat.java-1.44.0-win32-x64\jre\21.0.8-win32-x86_64\bin\net.dll
0x00007ffd81810000 - 0x00007ffd8191a000 	C:\Windows\SYSTEM32\WINHTTP.dll
0x00007ffd87bc0000 - 0x00007ffd87c2a000 	C:\Windows\system32\mswsock.dll
0x00007ffd492f0000 - 0x00007ffd49306000 	C:\Users\GIGABYTE\.vscode\extensions\redhat.java-1.44.0-win32-x64\jre\21.0.8-win32-x86_64\bin\nio.dll
0x00007ffd58630000 - 0x00007ffd58640000 	c:\Users\GIGABYTE\.vscode\extensions\redhat.java-1.44.0-win32-x64\jre\21.0.8-win32-x86_64\bin\verify.dll
0x00007ffd3d750000 - 0x00007ffd3d795000 	C:\Users\GIGABYTE\AppData\Roaming\Code\User\globalStorage\redhat.java\1.44.0\config_win\org.eclipse.equinox.launcher\org.eclipse.equinox.launcher.win32.win32.x86_64_1.2.1400.v20250730-1736\eclipse_11913.dll
0x00007ffd88fc0000 - 0x00007ffd890eb000 	C:\Windows\System32\ole32.dll
0x00007ffd582b0000 - 0x00007ffd582ba000 	C:\Users\GIGABYTE\.vscode\extensions\redhat.java-1.44.0-win32-x64\jre\21.0.8-win32-x86_64\bin\management.dll
0x00007ffd57ff0000 - 0x00007ffd57ffb000 	C:\Users\GIGABYTE\.vscode\extensions\redhat.java-1.44.0-win32-x64\jre\21.0.8-win32-x86_64\bin\management_ext.dll
0x00007ffd89e90000 - 0x00007ffd89e98000 	C:\Windows\System32\PSAPI.DLL
0x00007ffd87e20000 - 0x00007ffd87e38000 	C:\Windows\SYSTEM32\CRYPTSP.dll
0x00007ffd87500000 - 0x00007ffd87538000 	C:\Windows\system32\rsaenh.dll
0x00007ffd88410000 - 0x00007ffd8843e000 	C:\Windows\SYSTEM32\USERENV.dll
0x00007ffd87d50000 - 0x00007ffd87d5c000 	C:\Windows\SYSTEM32\CRYPTBASE.dll
0x00007ffd878c0000 - 0x00007ffd878fb000 	C:\Windows\SYSTEM32\IPHLPAPI.DLL
0x00007ffd89cd0000 - 0x00007ffd89cd8000 	C:\Windows\System32\NSI.dll
0x00007ffd3a320000 - 0x00007ffd3a369000 	C:\Users\GIGABYTE\AppData\Local\Temp\jna-1643494468\jna17745631689333396046.dll
0x00007ffd82390000 - 0x00007ffd823a7000 	C:\Windows\SYSTEM32\dhcpcsvc6.DLL
0x00007ffd82310000 - 0x00007ffd8232d000 	C:\Windows\SYSTEM32\dhcpcsvc.DLL
0x00007ffd54560000 - 0x00007ffd5456e000 	C:\Users\GIGABYTE\.vscode\extensions\redhat.java-1.44.0-win32-x64\jre\21.0.8-win32-x86_64\bin\sunmscapi.dll
0x00007ffd889b0000 - 0x00007ffd88b0d000 	C:\Windows\System32\CRYPT32.dll
0x00007ffd87f30000 - 0x00007ffd87f57000 	C:\Windows\SYSTEM32\ncrypt.dll
0x00007ffd87ef0000 - 0x00007ffd87f2b000 	C:\Windows\SYSTEM32\NTASN1.dll
0x00007ffd87900000 - 0x00007ffd879ca000 	C:\Windows\SYSTEM32\DNSAPI.dll
0x00007ffd7e590000 - 0x00007ffd7e59a000 	C:\Windows\System32\rasadhlp.dll
0x00007ffd80e00000 - 0x00007ffd80e80000 	C:\Windows\System32\fwpuclnt.dll
0x00007ffd534f0000 - 0x00007ffd534f9000 	C:\Users\GIGABYTE\.vscode\extensions\redhat.java-1.44.0-win32-x64\jre\21.0.8-win32-x86_64\bin\extnet.dll

JVMTI agents:
c:\Users\GIGABYTE\.vscode\extensions\redhat.java-1.44.0-win32-x64\lombok\lombok-1.18.39-4050.jar path:c:\Users\GIGABYTE\.vscode\extensions\redhat.java-1.44.0-win32-x64\jre\21.0.8-win32-x86_64\bin\instrument.dll, loaded, initialized, instrumentlib options:none

dbghelp: loaded successfully - version: 4.0.5 - missing functions: none
symbol engine: initialized successfully - sym options: 0x614 - pdb path: .;c:\Users\GIGABYTE\.vscode\extensions\redhat.java-1.44.0-win32-x64\jre\21.0.8-win32-x86_64\bin;C:\Windows\SYSTEM32;C:\Windows\WinSxS\amd64_microsoft.windows.common-controls_6595b64144ccf1df_6.0.19041.5915_none_60b4b9d171f9c7c7;c:\Users\GIGABYTE\.vscode\extensions\redhat.java-1.44.0-win32-x64\jre\21.0.8-win32-x86_64\bin\server;C:\Users\GIGABYTE\AppData\Roaming\Code\User\globalStorage\redhat.java\1.44.0\config_win\org.eclipse.equinox.launcher\org.eclipse.equinox.launcher.win32.win32.x86_64_1.2.1400.v20250730-1736;C:\Users\GIGABYTE\AppData\Local\Temp\jna-1643494468

VM Arguments:
jvm_args: --add-modules=ALL-SYSTEM --add-opens=java.base/java.util=ALL-UNNAMED --add-opens=java.base/java.lang=ALL-UNNAMED --add-opens=java.base/sun.nio.fs=ALL-UNNAMED -Declipse.application=org.eclipse.jdt.ls.core.id1 -Dosgi.bundles.defaultStartLevel=4 -Declipse.product=org.eclipse.jdt.ls.core.product -Djava.import.generatesMetadataFilesAtProjectRoot=false -DDetectVMInstallationsJob.disabled=true -Dfile.encoding=utf8 -XX:+UseParallelGC -XX:GCTimeRatio=4 -XX:AdaptiveSizePolicyWeight=90 -Dsun.zip.disableMemoryMapping=true -Xmx2G -Xms100m -Xlog:disable -javaagent:c:\Users\GIGABYTE\.vscode\extensions\redhat.java-1.44.0-win32-x64\lombok\lombok-1.18.39-4050.jar -XX:+HeapDumpOnOutOfMemoryError -XX:HeapDumpPath=c:\Users\GIGABYTE\AppData\Roaming\Code\User\workspaceStorage\cb24cd7768bee47a3e11ec08cf070465\redhat.java -Daether.dependencyCollector.impl=bf 
java_command: c:\Users\GIGABYTE\.vscode\extensions\redhat.java-1.44.0-win32-x64\server\plugins\org.eclipse.equinox.launcher_1.7.0.v20250519-0528.jar -configuration c:\Users\GIGABYTE\AppData\Roaming\Code\User\globalStorage\redhat.java\1.44.0\config_win -data c:\Users\GIGABYTE\AppData\Roaming\Code\User\workspaceStorage\cb24cd7768bee47a3e11ec08cf070465\redhat.java\jdt_ws --pipe=\\.\pipe\lsp-fbcb3a8cbc63923d9a414566140a6197-sock
java_class_path (initial): c:\Users\GIGABYTE\.vscode\extensions\redhat.java-1.44.0-win32-x64\server\plugins\org.eclipse.equinox.launcher_1.7.0.v20250519-0528.jar
Launcher Type: SUN_STANDARD

[Global flags]
    uintx AdaptiveSizePolicyWeight                 = 90                                        {product} {command line}
     intx CICompilerCount                          = 4                                         {product} {ergonomic}
    uintx GCTimeRatio                              = 4                                         {product} {command line}
     bool HeapDumpOnOutOfMemoryError               = true                                   {manageable} {command line}
    ccstr HeapDumpPath                             = c:\Users\GIGABYTE\AppData\Roaming\Code\User\workspaceStorage\cb24cd7768bee47a3e11ec08cf070465\redhat.java         {manageable} {command line}
   size_t InitialHeapSize                          = 104857600                                 {product} {command line}
   size_t MaxHeapSize                              = 2147483648                                {product} {command line}
   size_t MaxNewSize                               = 715653120                                 {product} {ergonomic}
   size_t MinHeapDeltaBytes                        = 524288                                    {product} {ergonomic}
   size_t MinHeapSize                              = 104857600                                 {product} {command line}
   size_t NewSize                                  = 34603008                                  {product} {ergonomic}
    uintx NonNMethodCodeHeapSize                   = 5839372                                {pd product} {ergonomic}
    uintx NonProfiledCodeHeapSize                  = 122909434                              {pd product} {ergonomic}
   size_t OldSize                                  = 70254592                                  {product} {ergonomic}
    uintx ProfiledCodeHeapSize                     = 122909434                              {pd product} {ergonomic}
    uintx ReservedCodeCacheSize                    = 251658240                              {pd product} {ergonomic}
     bool SegmentedCodeCache                       = true                                      {product} {ergonomic}
   size_t SoftMaxHeapSize                          = 2147483648                             {manageable} {ergonomic}
     bool UseCompressedOops                        = true                           {product lp64_product} {ergonomic}
     bool UseLargePagesIndividualAllocation        = false                                  {pd product} {ergonomic}
     bool UseParallelGC                            = true                                      {product} {command line}

Logging:
Log output configuration:
 #0: stdout all=off uptime,level,tags foldmultilines=false
 #1: stderr all=off uptime,level,tags foldmultilines=false

Environment Variables:
JAVA_HOME=C:\Program Files\Java\jdk-17
PATH=C:\Program Files (x86)\Common Files\Oracle\Java\javapath;C:\dev\flutter\bin;C:\Program Files\nodejs;C:\Program Files\Azure Data Studio\bin;C:\Users\GIGABYTE\AppData\Roaming\Python\Python312\Scripts;C:\Users\GIGABYTE\AppData\Roaming\Python\Python312;C:\Windows\System32\WindowsPowerShell\v1.0;C:\Users\GIGABYTE\.console-ninja\.bin;C:\Program Files\WindowsPowerShell;C:\Users\GIGABYTE\AppData\Local\GitHubDesktop;C:\Users\GIGABYTE\AppData\Roaming\npm;C:\Windows\System32;C:\Users\GIGABYTE\AppData\Local\Android\Sdk;C:\Program Files\nodejs\;D:\ngrok;D:\Wallet_oracle;C:\xampp\mysql\bin;c:\Users\GIGABYTE\AppData\Local\Programs\cursor\resources\app\bin;C:\Program Files\Java\jdk-17\bin;C:\Program Files\Java\jdk-17;D:\maven-mvnd-1.0.2-windows-amd64\bin;C:\Program Files\apache-maven-3.9.9\bin;C:\Program Files\Kubernetes\Minikube;C:\Program Files\Git\cmd;C:\Program Files\Docker\Docker\resources\bin;C:\Users\GIGABYTE\AppData\Local\WhatsApp;C:\Users\GIGABYTE\.console-ninja\.bin;C:\Program Files\WindowsPowerShell;C:\Users\GIGABYTE\AppData\Local\GitHubDesktop\bin;C:\Program Files\Azure Data Studio\bin;C:\Users\GIGABYTE\AppData\Roaming\Python\Python312\Scripts;C:\Program Files\Git\cmd;C:\Program Files\Git\bin;C:\dev\flutter\bin;C:\Windows\System32;C:\Users\GIGABYTE\AppData\Local\Android\Sdk;C:\Users\GIGABYTE\AppData\Roaming\npm;C:\Users\GIGABYTE\AppData\Local\Programs\Microsoft VS Code\bin;C:\Program Files\Docker\Docker\resources\bin;C:\app\GIGABYTE\product\21c\dbhomeXE\bin;D:\ngrok;D:\Wallet_oracle;C:\xampp\mysql\bin;C:\Program Files\Java\jdk-17\bin;C:\Program Files\Java\jdk-17;D:\maven-mvnd-1.0.2-windows-amd64\bin;C:\Program Files\apache-maven-3.9.9\bin;C:\Users\GIGABYTE\AppData\Local\WhatsApp
USERNAME=GIGABYTE
OS=Windows_NT
PROCESSOR_IDENTIFIER=Intel64 Family 6 Model 165 Stepping 3, GenuineIntel
TMP=C:\Users\GIGABYTE\AppData\Local\Temp
TEMP=C:\Users\GIGABYTE\AppData\Local\Temp




Periodic native trim disabled

---------------  S Y S T E M  ---------------

OS:
 Windows 10 , 64 bit Build 19041 (10.0.19041.5915)
OS uptime: 0 days 13:44 hours
Hyper-V role detected

CPU: total 12 (initial active 12) (6 cores per cpu, 2 threads per core) family 6 model 165 stepping 3 microcode 0xe0, cx8, cmov, fxsr, ht, mmx, 3dnowpref, sse, sse2, sse3, ssse3, sse4.1, sse4.2, popcnt, lzcnt, tsc, tscinvbit, avx, avx2, aes, erms, clmul, bmi1, bmi2, adx, fma, vzeroupper, clflush, clflushopt, hv, rdtscp, f16c
Processor Information for the first 12 processors :
  Max Mhz: 2904, Current Mhz: 2904, Mhz Limit: 2904

Memory: 4k page, system-wide physical 8053M (329M free)
TotalPageFile size 32629M (AvailPageFile size 12M)
current process WorkingSet (physical memory assigned to process): 21M, peak: 780M
current process commit charge ("private bytes"): 1380M, peak: 1405M

vm_info: OpenJDK 64-Bit Server VM (21.0.8+9-LTS) for windows-amd64 JRE (21.0.8+9-LTS), built on 2025-07-15T00:00:00Z by "admin" with MS VC++ 17.7 (VS2022)

END.
